c:\users\ppkoz\documents\github\hobot\x64\release\vc142.pdb
c:\users\ppkoz\documents\github\hobot\x64\release\ui.obj
c:\users\ppkoz\documents\github\hobot\x64\release\sgf.obj
c:\users\ppkoz\documents\github\hobot\x64\release\reject.obj
c:\users\ppkoz\documents\github\hobot\x64\release\patterns_small.obj
c:\users\ppkoz\documents\github\hobot\x64\release\patterns_large.obj
c:\users\ppkoz\documents\github\hobot\x64\release\params.obj
c:\users\ppkoz\documents\github\hobot\x64\release\hobot.obj
c:\users\ppkoz\documents\github\hobot\x64\release\main.obj
c:\users\ppkoz\documents\github\hobot\x64\release\komi.obj
c:\users\ppkoz\documents\github\hobot\x64\release\fuseki_guide.obj
c:\users\ppkoz\documents\github\hobot\x64\release\fuseki_main.obj
c:\users\ppkoz\documents\github\hobot\x64\release\detect.obj
c:\users\ppkoz\documents\github\hobot\x64\release\debug.obj
c:\users\ppkoz\documents\github\hobot\x64\release\control.obj
c:\users\ppkoz\documents\github\hobot\x64\release\board_util.obj
c:\users\ppkoz\documents\github\hobot\x64\release\board.obj
c:\users\ppkoz\documents\github\hobot\x64\release\hobot.exe
c:\users\ppkoz\documents\github\hobot\x64\release\hobot.pdb
c:\users\ppkoz\documents\github\hobot\x64\release\hobot.tlog\cl.command.1.tlog
c:\users\ppkoz\documents\github\hobot\x64\release\hobot.tlog\cl.read.1.tlog
c:\users\ppkoz\documents\github\hobot\x64\release\hobot.tlog\cl.write.1.tlog
c:\users\ppkoz\documents\github\hobot\x64\release\hobot.tlog\link.command.1.tlog
c:\users\ppkoz\documents\github\hobot\x64\release\hobot.tlog\link.read.1.tlog
c:\users\ppkoz\documents\github\hobot\x64\release\hobot.tlog\link.write.1.tlog
